

Started GET "/" for 127.0.0.1 at 2015-01-14 15:49:21 +0000

PG::ConnectionBad (could not connect to server: No such file or directory
	Is the server running locally and accepting
	connections on Unix domain socket "/var/run/postgresql/.s.PGSQL.5432"?
):
  activerecord (4.1.4) lib/active_record/connection_adapters/postgresql_adapter.rb:888:in `initialize'
  activerecord (4.1.4) lib/active_record/connection_adapters/postgresql_adapter.rb:888:in `new'
  activerecord (4.1.4) lib/active_record/connection_adapters/postgresql_adapter.rb:888:in `connect'
  activerecord (4.1.4) lib/active_record/connection_adapters/postgresql_adapter.rb:568:in `initialize'
  activerecord (4.1.4) lib/active_record/connection_adapters/postgresql_adapter.rb:41:in `new'
  activerecord (4.1.4) lib/active_record/connection_adapters/postgresql_adapter.rb:41:in `postgresql_connection'
  activerecord (4.1.4) lib/active_record/connection_adapters/abstract/connection_pool.rb:435:in `new_connection'
  activerecord (4.1.4) lib/active_record/connection_adapters/abstract/connection_pool.rb:445:in `checkout_new_connection'
  activerecord (4.1.4) lib/active_record/connection_adapters/abstract/connection_pool.rb:416:in `acquire_connection'
  activerecord (4.1.4) lib/active_record/connection_adapters/abstract/connection_pool.rb:351:in `block in checkout'
  /home/ethan/.rvm/rubies/ruby-2.0.0-p481/lib/ruby/2.0.0/monitor.rb:211:in `mon_synchronize'
  activerecord (4.1.4) lib/active_record/connection_adapters/abstract/connection_pool.rb:350:in `checkout'
  activerecord (4.1.4) lib/active_record/connection_adapters/abstract/connection_pool.rb:265:in `block in connection'
  /home/ethan/.rvm/rubies/ruby-2.0.0-p481/lib/ruby/2.0.0/monitor.rb:211:in `mon_synchronize'
  activerecord (4.1.4) lib/active_record/connection_adapters/abstract/connection_pool.rb:264:in `connection'
  activerecord (4.1.4) lib/active_record/connection_adapters/abstract/connection_pool.rb:541:in `retrieve_connection'
  activerecord (4.1.4) lib/active_record/connection_handling.rb:113:in `retrieve_connection'
  activerecord (4.1.4) lib/active_record/connection_handling.rb:87:in `connection'
  activerecord (4.1.4) lib/active_record/query_cache.rb:51:in `restore_query_cache_settings'
  activerecord (4.1.4) lib/active_record/query_cache.rb:43:in `rescue in call'
  activerecord (4.1.4) lib/active_record/query_cache.rb:32:in `call'
  activerecord (4.1.4) lib/active_record/connection_adapters/abstract/connection_pool.rb:621:in `call'
  activerecord (4.1.4) lib/active_record/migration.rb:380:in `call'
  actionpack (4.1.4) lib/action_dispatch/middleware/callbacks.rb:29:in `block in call'
  activesupport (4.1.4) lib/active_support/callbacks.rb:82:in `run_callbacks'
  actionpack (4.1.4) lib/action_dispatch/middleware/callbacks.rb:27:in `call'
  actionpack (4.1.4) lib/action_dispatch/middleware/reloader.rb:73:in `call'
  actionpack (4.1.4) lib/action_dispatch/middleware/remote_ip.rb:76:in `call'
  actionpack (4.1.4) lib/action_dispatch/middleware/debug_exceptions.rb:17:in `call'
  actionpack (4.1.4) lib/action_dispatch/middleware/show_exceptions.rb:30:in `call'
  railties (4.1.4) lib/rails/rack/logger.rb:38:in `call_app'
  railties (4.1.4) lib/rails/rack/logger.rb:20:in `block in call'
  activesupport (4.1.4) lib/active_support/tagged_logging.rb:68:in `block in tagged'
  activesupport (4.1.4) lib/active_support/tagged_logging.rb:26:in `tagged'
  activesupport (4.1.4) lib/active_support/tagged_logging.rb:68:in `tagged'
  railties (4.1.4) lib/rails/rack/logger.rb:20:in `call'
  actionpack (4.1.4) lib/action_dispatch/middleware/request_id.rb:21:in `call'
  rack (1.5.2) lib/rack/methodoverride.rb:21:in `call'
  rack (1.5.2) lib/rack/runtime.rb:17:in `call'
  activesupport (4.1.4) lib/active_support/cache/strategy/local_cache_middleware.rb:26:in `call'
  rack (1.5.2) lib/rack/lock.rb:17:in `call'
  actionpack (4.1.4) lib/action_dispatch/middleware/static.rb:64:in `call'
  rack (1.5.2) lib/rack/sendfile.rb:112:in `call'
  railties (4.1.4) lib/rails/engine.rb:514:in `call'
  railties (4.1.4) lib/rails/application.rb:144:in `call'
  rack (1.5.2) lib/rack/lock.rb:17:in `call'
  rack (1.5.2) lib/rack/content_length.rb:14:in `call'
  rack (1.5.2) lib/rack/handler/webrick.rb:60:in `service'
  /home/ethan/.rvm/rubies/ruby-2.0.0-p481/lib/ruby/2.0.0/webrick/httpserver.rb:138:in `service'
  /home/ethan/.rvm/rubies/ruby-2.0.0-p481/lib/ruby/2.0.0/webrick/httpserver.rb:94:in `run'
  /home/ethan/.rvm/rubies/ruby-2.0.0-p481/lib/ruby/2.0.0/webrick/server.rb:295:in `block in start_thread'


  Rendered /home/ethan/.rvm/gems/ruby-2.0.0-p481@railstutorial_rails_4_0/gems/actionpack-4.1.4/lib/action_dispatch/middleware/templates/rescues/_source.erb (1.9ms)
  Rendered /home/ethan/.rvm/gems/ruby-2.0.0-p481@railstutorial_rails_4_0/gems/actionpack-4.1.4/lib/action_dispatch/middleware/templates/rescues/_trace.html.erb (2.3ms)
  Rendered /home/ethan/.rvm/gems/ruby-2.0.0-p481@railstutorial_rails_4_0/gems/actionpack-4.1.4/lib/action_dispatch/middleware/templates/rescues/_request_and_response.html.erb (1.5ms)
  Rendered /home/ethan/.rvm/gems/ruby-2.0.0-p481@railstutorial_rails_4_0/gems/actionpack-4.1.4/lib/action_dispatch/middleware/templates/rescues/diagnostics.erb within rescues/layout (30.2ms)


Started GET "/" for 127.0.0.1 at 2015-01-14 15:52:36 +0000

PG::ConnectionBad (could not connect to server: No such file or directory
	Is the server running locally and accepting
	connections on Unix domain socket "/var/run/postgresql/.s.PGSQL.5432"?
):
  activerecord (4.1.4) lib/active_record/connection_adapters/postgresql_adapter.rb:888:in `initialize'
  activerecord (4.1.4) lib/active_record/connection_adapters/postgresql_adapter.rb:888:in `new'
  activerecord (4.1.4) lib/active_record/connection_adapters/postgresql_adapter.rb:888:in `connect'
  activerecord (4.1.4) lib/active_record/connection_adapters/postgresql_adapter.rb:568:in `initialize'
  activerecord (4.1.4) lib/active_record/connection_adapters/postgresql_adapter.rb:41:in `new'
  activerecord (4.1.4) lib/active_record/connection_adapters/postgresql_adapter.rb:41:in `postgresql_connection'
  activerecord (4.1.4) lib/active_record/connection_adapters/abstract/connection_pool.rb:435:in `new_connection'
  activerecord (4.1.4) lib/active_record/connection_adapters/abstract/connection_pool.rb:445:in `checkout_new_connection'
  activerecord (4.1.4) lib/active_record/connection_adapters/abstract/connection_pool.rb:416:in `acquire_connection'
  activerecord (4.1.4) lib/active_record/connection_adapters/abstract/connection_pool.rb:351:in `block in checkout'
  /home/ethan/.rvm/rubies/ruby-2.0.0-p481/lib/ruby/2.0.0/monitor.rb:211:in `mon_synchronize'
  activerecord (4.1.4) lib/active_record/connection_adapters/abstract/connection_pool.rb:350:in `checkout'
  activerecord (4.1.4) lib/active_record/connection_adapters/abstract/connection_pool.rb:265:in `block in connection'
  /home/ethan/.rvm/rubies/ruby-2.0.0-p481/lib/ruby/2.0.0/monitor.rb:211:in `mon_synchronize'
  activerecord (4.1.4) lib/active_record/connection_adapters/abstract/connection_pool.rb:264:in `connection'
  activerecord (4.1.4) lib/active_record/connection_adapters/abstract/connection_pool.rb:541:in `retrieve_connection'
  activerecord (4.1.4) lib/active_record/connection_handling.rb:113:in `retrieve_connection'
  activerecord (4.1.4) lib/active_record/connection_handling.rb:87:in `connection'
  activerecord (4.1.4) lib/active_record/query_cache.rb:51:in `restore_query_cache_settings'
  activerecord (4.1.4) lib/active_record/query_cache.rb:43:in `rescue in call'
  activerecord (4.1.4) lib/active_record/query_cache.rb:32:in `call'
  activerecord (4.1.4) lib/active_record/connection_adapters/abstract/connection_pool.rb:621:in `call'
  activerecord (4.1.4) lib/active_record/migration.rb:380:in `call'
  actionpack (4.1.4) lib/action_dispatch/middleware/callbacks.rb:29:in `block in call'
  activesupport (4.1.4) lib/active_support/callbacks.rb:82:in `run_callbacks'
  actionpack (4.1.4) lib/action_dispatch/middleware/callbacks.rb:27:in `call'
  actionpack (4.1.4) lib/action_dispatch/middleware/reloader.rb:73:in `call'
  actionpack (4.1.4) lib/action_dispatch/middleware/remote_ip.rb:76:in `call'
  actionpack (4.1.4) lib/action_dispatch/middleware/debug_exceptions.rb:17:in `call'
  actionpack (4.1.4) lib/action_dispatch/middleware/show_exceptions.rb:30:in `call'
  railties (4.1.4) lib/rails/rack/logger.rb:38:in `call_app'
  railties (4.1.4) lib/rails/rack/logger.rb:20:in `block in call'
  activesupport (4.1.4) lib/active_support/tagged_logging.rb:68:in `block in tagged'
  activesupport (4.1.4) lib/active_support/tagged_logging.rb:26:in `tagged'
  activesupport (4.1.4) lib/active_support/tagged_logging.rb:68:in `tagged'
  railties (4.1.4) lib/rails/rack/logger.rb:20:in `call'
  actionpack (4.1.4) lib/action_dispatch/middleware/request_id.rb:21:in `call'
  rack (1.5.2) lib/rack/methodoverride.rb:21:in `call'
  rack (1.5.2) lib/rack/runtime.rb:17:in `call'
  activesupport (4.1.4) lib/active_support/cache/strategy/local_cache_middleware.rb:26:in `call'
  rack (1.5.2) lib/rack/lock.rb:17:in `call'
  actionpack (4.1.4) lib/action_dispatch/middleware/static.rb:64:in `call'
  rack (1.5.2) lib/rack/sendfile.rb:112:in `call'
  railties (4.1.4) lib/rails/engine.rb:514:in `call'
  railties (4.1.4) lib/rails/application.rb:144:in `call'
  rack (1.5.2) lib/rack/lock.rb:17:in `call'
  rack (1.5.2) lib/rack/content_length.rb:14:in `call'
  rack (1.5.2) lib/rack/handler/webrick.rb:60:in `service'
  /home/ethan/.rvm/rubies/ruby-2.0.0-p481/lib/ruby/2.0.0/webrick/httpserver.rb:138:in `service'
  /home/ethan/.rvm/rubies/ruby-2.0.0-p481/lib/ruby/2.0.0/webrick/httpserver.rb:94:in `run'
  /home/ethan/.rvm/rubies/ruby-2.0.0-p481/lib/ruby/2.0.0/webrick/server.rb:295:in `block in start_thread'


  Rendered /home/ethan/.rvm/gems/ruby-2.0.0-p481@railstutorial_rails_4_0/gems/actionpack-4.1.4/lib/action_dispatch/middleware/templates/rescues/_source.erb (1.1ms)
  Rendered /home/ethan/.rvm/gems/ruby-2.0.0-p481@railstutorial_rails_4_0/gems/actionpack-4.1.4/lib/action_dispatch/middleware/templates/rescues/_trace.html.erb (1.7ms)
  Rendered /home/ethan/.rvm/gems/ruby-2.0.0-p481@railstutorial_rails_4_0/gems/actionpack-4.1.4/lib/action_dispatch/middleware/templates/rescues/_request_and_response.html.erb (1.5ms)
  Rendered /home/ethan/.rvm/gems/ruby-2.0.0-p481@railstutorial_rails_4_0/gems/actionpack-4.1.4/lib/action_dispatch/middleware/templates/rescues/diagnostics.erb within rescues/layout (30.8ms)


Started GET "/" for 127.0.0.1 at 2015-01-14 16:00:06 +0000

ActiveRecord::NoDatabaseError (FATAL:  role "ethan" does not exist
Run `$ bin/rake db:create db:migrate` to create your database):
  activerecord (4.1.4) lib/active_record/connection_adapters/postgresql_adapter.rb:898:in `rescue in connect'
  activerecord (4.1.4) lib/active_record/connection_adapters/postgresql_adapter.rb:888:in `connect'
  activerecord (4.1.4) lib/active_record/connection_adapters/postgresql_adapter.rb:568:in `initialize'
  activerecord (4.1.4) lib/active_record/connection_adapters/postgresql_adapter.rb:41:in `new'
  activerecord (4.1.4) lib/active_record/connection_adapters/postgresql_adapter.rb:41:in `postgresql_connection'
  activerecord (4.1.4) lib/active_record/connection_adapters/abstract/connection_pool.rb:435:in `new_connection'
  activerecord (4.1.4) lib/active_record/connection_adapters/abstract/connection_pool.rb:445:in `checkout_new_connection'
  activerecord (4.1.4) lib/active_record/connection_adapters/abstract/connection_pool.rb:416:in `acquire_connection'
  activerecord (4.1.4) lib/active_record/connection_adapters/abstract/connection_pool.rb:351:in `block in checkout'
  /home/ethan/.rvm/rubies/ruby-2.0.0-p481/lib/ruby/2.0.0/monitor.rb:211:in `mon_synchronize'
  activerecord (4.1.4) lib/active_record/connection_adapters/abstract/connection_pool.rb:350:in `checkout'
  activerecord (4.1.4) lib/active_record/connection_adapters/abstract/connection_pool.rb:265:in `block in connection'
  /home/ethan/.rvm/rubies/ruby-2.0.0-p481/lib/ruby/2.0.0/monitor.rb:211:in `mon_synchronize'
  activerecord (4.1.4) lib/active_record/connection_adapters/abstract/connection_pool.rb:264:in `connection'
  activerecord (4.1.4) lib/active_record/connection_adapters/abstract/connection_pool.rb:541:in `retrieve_connection'
  activerecord (4.1.4) lib/active_record/connection_handling.rb:113:in `retrieve_connection'
  activerecord (4.1.4) lib/active_record/connection_handling.rb:87:in `connection'
  activerecord (4.1.4) lib/active_record/query_cache.rb:51:in `restore_query_cache_settings'
  activerecord (4.1.4) lib/active_record/query_cache.rb:43:in `rescue in call'
  activerecord (4.1.4) lib/active_record/query_cache.rb:32:in `call'
  activerecord (4.1.4) lib/active_record/connection_adapters/abstract/connection_pool.rb:621:in `call'
  activerecord (4.1.4) lib/active_record/migration.rb:380:in `call'
  actionpack (4.1.4) lib/action_dispatch/middleware/callbacks.rb:29:in `block in call'
  activesupport (4.1.4) lib/active_support/callbacks.rb:82:in `run_callbacks'
  actionpack (4.1.4) lib/action_dispatch/middleware/callbacks.rb:27:in `call'
  actionpack (4.1.4) lib/action_dispatch/middleware/reloader.rb:73:in `call'
  actionpack (4.1.4) lib/action_dispatch/middleware/remote_ip.rb:76:in `call'
  actionpack (4.1.4) lib/action_dispatch/middleware/debug_exceptions.rb:17:in `call'
  actionpack (4.1.4) lib/action_dispatch/middleware/show_exceptions.rb:30:in `call'
  railties (4.1.4) lib/rails/rack/logger.rb:38:in `call_app'
  railties (4.1.4) lib/rails/rack/logger.rb:20:in `block in call'
  activesupport (4.1.4) lib/active_support/tagged_logging.rb:68:in `block in tagged'
  activesupport (4.1.4) lib/active_support/tagged_logging.rb:26:in `tagged'
  activesupport (4.1.4) lib/active_support/tagged_logging.rb:68:in `tagged'
  railties (4.1.4) lib/rails/rack/logger.rb:20:in `call'
  actionpack (4.1.4) lib/action_dispatch/middleware/request_id.rb:21:in `call'
  rack (1.5.2) lib/rack/methodoverride.rb:21:in `call'
  rack (1.5.2) lib/rack/runtime.rb:17:in `call'
  activesupport (4.1.4) lib/active_support/cache/strategy/local_cache_middleware.rb:26:in `call'
  rack (1.5.2) lib/rack/lock.rb:17:in `call'
  actionpack (4.1.4) lib/action_dispatch/middleware/static.rb:64:in `call'
  rack (1.5.2) lib/rack/sendfile.rb:112:in `call'
  railties (4.1.4) lib/rails/engine.rb:514:in `call'
  railties (4.1.4) lib/rails/application.rb:144:in `call'
  rack (1.5.2) lib/rack/lock.rb:17:in `call'
  rack (1.5.2) lib/rack/content_length.rb:14:in `call'
  rack (1.5.2) lib/rack/handler/webrick.rb:60:in `service'
  /home/ethan/.rvm/rubies/ruby-2.0.0-p481/lib/ruby/2.0.0/webrick/httpserver.rb:138:in `service'
  /home/ethan/.rvm/rubies/ruby-2.0.0-p481/lib/ruby/2.0.0/webrick/httpserver.rb:94:in `run'
  /home/ethan/.rvm/rubies/ruby-2.0.0-p481/lib/ruby/2.0.0/webrick/server.rb:295:in `block in start_thread'


  Rendered /home/ethan/.rvm/gems/ruby-2.0.0-p481@railstutorial_rails_4_0/gems/actionpack-4.1.4/lib/action_dispatch/middleware/templates/rescues/_source.erb (1.0ms)
  Rendered /home/ethan/.rvm/gems/ruby-2.0.0-p481@railstutorial_rails_4_0/gems/actionpack-4.1.4/lib/action_dispatch/middleware/templates/rescues/_trace.html.erb (2.0ms)
  Rendered /home/ethan/.rvm/gems/ruby-2.0.0-p481@railstutorial_rails_4_0/gems/actionpack-4.1.4/lib/action_dispatch/middleware/templates/rescues/_request_and_response.html.erb (1.5ms)
  Rendered /home/ethan/.rvm/gems/ruby-2.0.0-p481@railstutorial_rails_4_0/gems/actionpack-4.1.4/lib/action_dispatch/middleware/templates/rescues/diagnostics.erb within rescues/layout (46.6ms)


Started GET "/" for 127.0.0.1 at 2015-01-14 16:00:54 +0000

ActiveRecord::NoDatabaseError (FATAL:  role "ethan" does not exist
Run `$ bin/rake db:create db:migrate` to create your database):
  activerecord (4.1.4) lib/active_record/connection_adapters/postgresql_adapter.rb:898:in `rescue in connect'
  activerecord (4.1.4) lib/active_record/connection_adapters/postgresql_adapter.rb:888:in `connect'
  activerecord (4.1.4) lib/active_record/connection_adapters/postgresql_adapter.rb:568:in `initialize'
  activerecord (4.1.4) lib/active_record/connection_adapters/postgresql_adapter.rb:41:in `new'
  activerecord (4.1.4) lib/active_record/connection_adapters/postgresql_adapter.rb:41:in `postgresql_connection'
  activerecord (4.1.4) lib/active_record/connection_adapters/abstract/connection_pool.rb:435:in `new_connection'
  activerecord (4.1.4) lib/active_record/connection_adapters/abstract/connection_pool.rb:445:in `checkout_new_connection'
  activerecord (4.1.4) lib/active_record/connection_adapters/abstract/connection_pool.rb:416:in `acquire_connection'
  activerecord (4.1.4) lib/active_record/connection_adapters/abstract/connection_pool.rb:351:in `block in checkout'
  /home/ethan/.rvm/rubies/ruby-2.0.0-p481/lib/ruby/2.0.0/monitor.rb:211:in `mon_synchronize'
  activerecord (4.1.4) lib/active_record/connection_adapters/abstract/connection_pool.rb:350:in `checkout'
  activerecord (4.1.4) lib/active_record/connection_adapters/abstract/connection_pool.rb:265:in `block in connection'
  /home/ethan/.rvm/rubies/ruby-2.0.0-p481/lib/ruby/2.0.0/monitor.rb:211:in `mon_synchronize'
  activerecord (4.1.4) lib/active_record/connection_adapters/abstract/connection_pool.rb:264:in `connection'
  activerecord (4.1.4) lib/active_record/connection_adapters/abstract/connection_pool.rb:541:in `retrieve_connection'
  activerecord (4.1.4) lib/active_record/connection_handling.rb:113:in `retrieve_connection'
  activerecord (4.1.4) lib/active_record/connection_handling.rb:87:in `connection'
  activerecord (4.1.4) lib/active_record/query_cache.rb:51:in `restore_query_cache_settings'
  activerecord (4.1.4) lib/active_record/query_cache.rb:43:in `rescue in call'
  activerecord (4.1.4) lib/active_record/query_cache.rb:32:in `call'
  activerecord (4.1.4) lib/active_record/connection_adapters/abstract/connection_pool.rb:621:in `call'
  activerecord (4.1.4) lib/active_record/migration.rb:380:in `call'
  actionpack (4.1.4) lib/action_dispatch/middleware/callbacks.rb:29:in `block in call'
  activesupport (4.1.4) lib/active_support/callbacks.rb:82:in `run_callbacks'
  actionpack (4.1.4) lib/action_dispatch/middleware/callbacks.rb:27:in `call'
  actionpack (4.1.4) lib/action_dispatch/middleware/reloader.rb:73:in `call'
  actionpack (4.1.4) lib/action_dispatch/middleware/remote_ip.rb:76:in `call'
  actionpack (4.1.4) lib/action_dispatch/middleware/debug_exceptions.rb:17:in `call'
  actionpack (4.1.4) lib/action_dispatch/middleware/show_exceptions.rb:30:in `call'
  railties (4.1.4) lib/rails/rack/logger.rb:38:in `call_app'
  railties (4.1.4) lib/rails/rack/logger.rb:20:in `block in call'
  activesupport (4.1.4) lib/active_support/tagged_logging.rb:68:in `block in tagged'
  activesupport (4.1.4) lib/active_support/tagged_logging.rb:26:in `tagged'
  activesupport (4.1.4) lib/active_support/tagged_logging.rb:68:in `tagged'
  railties (4.1.4) lib/rails/rack/logger.rb:20:in `call'
  actionpack (4.1.4) lib/action_dispatch/middleware/request_id.rb:21:in `call'
  rack (1.5.2) lib/rack/methodoverride.rb:21:in `call'
  rack (1.5.2) lib/rack/runtime.rb:17:in `call'
  activesupport (4.1.4) lib/active_support/cache/strategy/local_cache_middleware.rb:26:in `call'
  rack (1.5.2) lib/rack/lock.rb:17:in `call'
  actionpack (4.1.4) lib/action_dispatch/middleware/static.rb:64:in `call'
  rack (1.5.2) lib/rack/sendfile.rb:112:in `call'
  railties (4.1.4) lib/rails/engine.rb:514:in `call'
  railties (4.1.4) lib/rails/application.rb:144:in `call'
  rack (1.5.2) lib/rack/lock.rb:17:in `call'
  rack (1.5.2) lib/rack/content_length.rb:14:in `call'
  rack (1.5.2) lib/rack/handler/webrick.rb:60:in `service'
  /home/ethan/.rvm/rubies/ruby-2.0.0-p481/lib/ruby/2.0.0/webrick/httpserver.rb:138:in `service'
  /home/ethan/.rvm/rubies/ruby-2.0.0-p481/lib/ruby/2.0.0/webrick/httpserver.rb:94:in `run'
  /home/ethan/.rvm/rubies/ruby-2.0.0-p481/lib/ruby/2.0.0/webrick/server.rb:295:in `block in start_thread'


  Rendered /home/ethan/.rvm/gems/ruby-2.0.0-p481@railstutorial_rails_4_0/gems/actionpack-4.1.4/lib/action_dispatch/middleware/templates/rescues/_source.erb (1.1ms)
  Rendered /home/ethan/.rvm/gems/ruby-2.0.0-p481@railstutorial_rails_4_0/gems/actionpack-4.1.4/lib/action_dispatch/middleware/templates/rescues/_trace.html.erb (2.4ms)
  Rendered /home/ethan/.rvm/gems/ruby-2.0.0-p481@railstutorial_rails_4_0/gems/actionpack-4.1.4/lib/action_dispatch/middleware/templates/rescues/_request_and_response.html.erb (1.4ms)
  Rendered /home/ethan/.rvm/gems/ruby-2.0.0-p481@railstutorial_rails_4_0/gems/actionpack-4.1.4/lib/action_dispatch/middleware/templates/rescues/diagnostics.erb within rescues/layout (24.9ms)
  [1m[36m (51.6ms)[0m  [1mCREATE TABLE "schema_migrations" ("version" character varying(255) NOT NULL) [0m
  [1m[35m (63.1ms)[0m  CREATE UNIQUE INDEX  "unique_schema_migrations" ON "schema_migrations"  ("version")
  [1m[36mActiveRecord::SchemaMigration Load (1.0ms)[0m  [1mSELECT "schema_migrations".* FROM "schema_migrations"[0m


Started GET "/" for 127.0.0.1 at 2015-01-14 16:22:37 +0000
Processing by Rails::WelcomeController#index as HTML
  Rendered /home/ethan/.rvm/gems/ruby-2.0.0-p481@rivernotify/gems/railties-4.1.4/lib/rails/templates/rails/welcome/index.html.erb (12.9ms)
Completed 200 OK in 106ms (Views: 54.3ms | ActiveRecord: 0.0ms)


Started GET "/welcome" for 127.0.0.1 at 2015-01-14 16:46:25 +0000

ActionController::RoutingError (No route matches [GET] "/welcome"):
  actionpack (4.1.4) lib/action_dispatch/middleware/debug_exceptions.rb:21:in `call'
  actionpack (4.1.4) lib/action_dispatch/middleware/show_exceptions.rb:30:in `call'
  railties (4.1.4) lib/rails/rack/logger.rb:38:in `call_app'
  railties (4.1.4) lib/rails/rack/logger.rb:20:in `block in call'
  activesupport (4.1.4) lib/active_support/tagged_logging.rb:68:in `block in tagged'
  activesupport (4.1.4) lib/active_support/tagged_logging.rb:26:in `tagged'
  activesupport (4.1.4) lib/active_support/tagged_logging.rb:68:in `tagged'
  railties (4.1.4) lib/rails/rack/logger.rb:20:in `call'
  actionpack (4.1.4) lib/action_dispatch/middleware/request_id.rb:21:in `call'
  rack (1.5.2) lib/rack/methodoverride.rb:21:in `call'
  rack (1.5.2) lib/rack/runtime.rb:17:in `call'
  activesupport (4.1.4) lib/active_support/cache/strategy/local_cache_middleware.rb:26:in `call'
  rack (1.5.2) lib/rack/lock.rb:17:in `call'
  actionpack (4.1.4) lib/action_dispatch/middleware/static.rb:64:in `call'
  rack (1.5.2) lib/rack/sendfile.rb:112:in `call'
  railties (4.1.4) lib/rails/engine.rb:514:in `call'
  railties (4.1.4) lib/rails/application.rb:144:in `call'
  rack (1.5.2) lib/rack/lock.rb:17:in `call'
  rack (1.5.2) lib/rack/content_length.rb:14:in `call'
  rack (1.5.2) lib/rack/handler/webrick.rb:60:in `service'
  /home/ethan/.rvm/rubies/ruby-2.0.0-p481/lib/ruby/2.0.0/webrick/httpserver.rb:138:in `service'
  /home/ethan/.rvm/rubies/ruby-2.0.0-p481/lib/ruby/2.0.0/webrick/httpserver.rb:94:in `run'
  /home/ethan/.rvm/rubies/ruby-2.0.0-p481/lib/ruby/2.0.0/webrick/server.rb:295:in `block in start_thread'


  Rendered /home/ethan/.rvm/gems/ruby-2.0.0-p481@rivernotify/gems/actionpack-4.1.4/lib/action_dispatch/middleware/templates/rescues/_trace.html.erb (2.5ms)
  Rendered /home/ethan/.rvm/gems/ruby-2.0.0-p481@rivernotify/gems/actionpack-4.1.4/lib/action_dispatch/middleware/templates/routes/_table.html.erb (19.9ms)
  Rendered /home/ethan/.rvm/gems/ruby-2.0.0-p481@rivernotify/gems/actionpack-4.1.4/lib/action_dispatch/middleware/templates/rescues/routing_error.html.erb within rescues/layout (161.3ms)


Started GET "/" for 127.0.0.1 at 2015-01-14 16:48:14 +0000
Processing by Rails::WelcomeController#index as HTML
  Rendered /home/ethan/.rvm/gems/ruby-2.0.0-p481@rivernotify/gems/railties-4.1.4/lib/rails/templates/rails/welcome/index.html.erb (0.1ms)
Completed 200 OK in 60ms (Views: 59.1ms | ActiveRecord: 0.0ms)


Started GET "/" for 127.0.0.1 at 2015-01-14 16:58:46 +0000
Processing by SignupController#index as HTML
  Rendered signup/index.html.erb within layouts/application (0.8ms)
Completed 200 OK in 1624ms (Views: 1622.9ms | ActiveRecord: 0.0ms)


Started GET "/assets/signup.css?body=1" for 127.0.0.1 at 2015-01-14 16:58:48 +0000


Started GET "/assets/signup.js?body=1" for 127.0.0.1 at 2015-01-14 16:58:48 +0000


Started GET "/assets/application.css?body=1" for 127.0.0.1 at 2015-01-14 16:58:48 +0000


Started GET "/assets/turbolinks.js?body=1" for 127.0.0.1 at 2015-01-14 16:58:48 +0000


Started GET "/assets/application.js?body=1" for 127.0.0.1 at 2015-01-14 16:58:48 +0000


Started GET "/assets/jquery_ujs.js?body=1" for 127.0.0.1 at 2015-01-14 16:58:48 +0000


Started GET "/assets/jquery.js?body=1" for 127.0.0.1 at 2015-01-14 16:58:48 +0000


Started GET "/" for 127.0.0.1 at 2015-01-14 18:07:40 +0000
Processing by SignupController#index as HTML
  Rendered signup/index.html.erb within layouts/application (1.6ms)
Completed 200 OK in 307ms (Views: 276.2ms | ActiveRecord: 0.0ms)


Started GET "/assets/signup.css?body=1" for 127.0.0.1 at 2015-01-14 18:07:41 +0000


Started GET "/assets/jquery.js?body=1" for 127.0.0.1 at 2015-01-14 18:07:41 +0000


Started GET "/assets/jquery_ujs.js?body=1" for 127.0.0.1 at 2015-01-14 18:07:41 +0000


Started GET "/assets/application.js?body=1" for 127.0.0.1 at 2015-01-14 18:07:41 +0000


Started GET "/assets/turbolinks.js?body=1" for 127.0.0.1 at 2015-01-14 18:07:41 +0000


Started GET "/assets/application.css?body=1" for 127.0.0.1 at 2015-01-14 18:07:41 +0000


Started GET "/assets/signup.js?body=1" for 127.0.0.1 at 2015-01-14 18:07:41 +0000
